<?xml version="1.0" encoding="UTF-8"?>
<!-- Generated by org.testng.reporters.JUnitReportReporter -->
<testsuite skipped="0" hostname="welcome-PC" name="com.training.sanity.tests.UNFTests019" tests="1" failures="0" timestamp="17 Apr 2020 04:04:43 GMT" time="39.052" errors="0">
  <testcase name="validLoginTest" time="39.052" classname="com.training.sanity.tests.UNFTests019"/>
</testsuite> <!-- com.training.sanity.tests.UNFTests019 -->
