<?xml version="1.0" encoding="UTF-8"?>
<!-- Generated by org.testng.reporters.JUnitReportReporter -->
<testsuite skipped="0" hostname="welcome-PC" name="com.training.sanity.tests.UNFTests051" tests="1" failures="0" timestamp="17 Apr 2020 03:50:53 GMT" time="37.344" errors="0">
  <testcase name="validLoginTest" time="37.344" classname="com.training.sanity.tests.UNFTests051"/>
</testsuite> <!-- com.training.sanity.tests.UNFTests051 -->
