<?xml version="1.0" encoding="UTF-8"?>
<!-- Generated by org.testng.reporters.JUnitReportReporter -->
<testsuite skipped="0" hostname="welcome-PC" name="com.training.sanity.tests.UNFTests021" tests="1" failures="0" timestamp="12 Apr 2020 12:20:41 GMT" time="61.506" errors="0">
  <testcase name="validLoginTest" time="61.506" classname="com.training.sanity.tests.UNFTests021"/>
</testsuite> <!-- com.training.sanity.tests.UNFTests021 -->
