<?xml version="1.0" encoding="UTF-8"?>
<!-- Generated by org.testng.reporters.JUnitReportReporter -->
<testsuite skipped="0" hostname="welcome-PC" name="com.training.sanity.tests.UNFTests049" tests="1" failures="0" timestamp="12 Apr 2020 12:24:00 GMT" time="55.979" errors="0">
  <testcase name="validLoginTest" time="55.979" classname="com.training.sanity.tests.UNFTests049"/>
</testsuite> <!-- com.training.sanity.tests.UNFTests049 -->
