<?xml version="1.0" encoding="UTF-8"?>
<!-- Generated by org.testng.reporters.JUnitReportReporter -->
<testsuite skipped="0" hostname="welcome-PC" name="com.training.sanity.tests.UNFTests049" tests="1" failures="0" timestamp="16 Apr 2020 12:31:52 GMT" time="39.029" errors="0">
  <testcase name="validLoginTest" time="39.029" classname="com.training.sanity.tests.UNFTests049"/>
</testsuite> <!-- com.training.sanity.tests.UNFTests049 -->
