<?xml version="1.0" encoding="UTF-8"?>
<!-- Generated by org.testng.reporters.JUnitReportReporter -->
<testsuite skipped="0" hostname="welcome-PC" name="com.training.sanity.tests.UNFTests050" tests="1" failures="0" timestamp="17 Apr 2020 01:16:51 GMT" time="27.649" errors="0">
  <testcase name="validLoginTest" time="27.649" classname="com.training.sanity.tests.UNFTests050"/>
</testsuite> <!-- com.training.sanity.tests.UNFTests050 -->
