<?xml version="1.0" encoding="UTF-8"?>
<!-- Generated by org.testng.reporters.JUnitReportReporter -->
<testsuite skipped="0" hostname="welcome-PC" name="com.training.sanity.tests.UNFTests021" tests="1" failures="0" timestamp="16 Apr 2020 16:07:57 GMT" time="17.536" errors="0">
  <testcase name="validLoginTest" time="17.536" classname="com.training.sanity.tests.UNFTests021"/>
</testsuite> <!-- com.training.sanity.tests.UNFTests021 -->
